memory.cpp
skeleton_modification2dccdik.cpp
editor_export_platform_pc.cpp
canvas_layer.cpp
visual_shader_node_custom.cpp
visual_shader_node_input.cpp
kinematic_collision3d.cpp
light2d.cpp
tile_data.cpp
hmac_context.cpp
polygon_occluder3d.cpp
joint2d.cpp
collision_polygon2d.cpp
graph_frame.cpp
sphere_shape3d.cpp
popup_menu.cpp
visual_shader_node_float_parameter.cpp
editor_export_plugin.cpp
shape3d.cpp
h_box_container.cpp
texture_layered_rd.cpp
sphere_mesh.cpp
worker_thread_pool.cpp
editor_export_platform_mac_os.cpp
xml_parser.cpp
gradient_texture1_d.cpp
character_body2d.cpp
skeleton_modification2d.cpp
geometry3d.cpp
polygon2d.cpp
texture_progress_bar.cpp
plane_mesh.cpp
java_class_wrapper.cpp
texture_rect.cpp
editor_resource_preview_generator.cpp
visual_shader_node_global_expression.cpp
world_boundary_shape2d.cpp
grid_map.cpp
skeleton_modification2dfabrik.cpp
visual_shader_node_determinant.cpp
web_rtc_peer_connection_extension.cpp
polygon_path_finder.cpp
theme_db.cpp
collision_shape3d.cpp
theme.cpp
skeleton_modifier3d.cpp
circle_shape2d.cpp
shader_include.cpp
groove_joint2d.cpp
world2d.cpp
xr_origin3d.cpp
texture2d.cpp
separation_ray_shape3d.cpp
texture_layered.cpp
gradient_texture2d.cpp
web_rtc_peer_connection.cpp
occluder3d.cpp
texture_cubemap_array_rd.cpp
scroll_container.cpp
canvas_texture.cpp
editor_plugin.cpp
editor_resource_conversion_plugin.cpp
node3d_gizmo.cpp
visual_shader_node_face_forward.cpp
editor_import_plugin.cpp
camera3d.cpp
editor_paths.cpp
offline_multiplayer_peer.cpp
placeholder_mesh.cpp
camera2d.cpp
placeholder_material.cpp
xr_interface_extension.cpp
visual_shader_node_color_constant.cpp
noise_texture2d.cpp
texture_button.cpp
editor_interface.cpp
csg_shape3d.cpp
semaphore.cpp
pin_joint3d.cpp
text_paragraph.cpp
placeholder_cubemap.cpp
gpu_particles_collision3d.cpp
open_xr_action.cpp
placeholder_texture3d.cpp
scroll_bar.cpp
visual_shader_node_compare.cpp
script_language_extension.cpp
editor_resource_picker.cpp
placeholder_texture_layered.cpp
csg_sphere3d.cpp
omni_light3d.cpp
texture3d.cpp
visual_shader_node_derivative_func.cpp
placeholder_texture2d.cpp
web_socket_peer.cpp
ogg_packet_sequence_playback.cpp
shader.cpp
xr_camera3d.cpp
animated_sprite3d.cpp
csg_polygon3d.cpp
editor_file_system.cpp
h_split_container.cpp
occluder_instance3d.cpp
texture2d_array_rd.cpp
script_extension.cpp
xr_body_modifier3d.cpp
placeholder_texture2d_array.cpp
csg_mesh3d.cpp
http_request.cpp
world_environment.cpp
a_star2d.cpp
x509_certificate.cpp
editor_inspector.cpp
geometry_instance3d.cpp
texture2drd.cpp
a_star_grid2d.cpp
csg_combiner3d.cpp
editor_file_dialog.cpp
world_boundary_shape3d.cpp
animated_texture.cpp
separator.cpp
callback_tweener.cpp
noise_texture3d.cpp
pin_joint2d.cpp
text_line.cpp
separation_ray_shape2d.cpp
placeholder_cubemap_array.cpp
editor_scene_post_import.cpp
texture2d_array.cpp
os.cpp
web_xr_interface.cpp
accept_dialog.cpp
visual_shader_node_curve_xyz_texture.cpp
window.cpp
editor_scene_format_importer_blend.cpp
object.cpp
segment_shape2d.cpp
physics_test_motion_result3d.cpp
visual_shader_node_expression.cpp
http_client.cpp
editor_node3d_gizmo_plugin.cpp
web_rtc_data_channel_extension.cpp
noise.cpp
script_language.cpp
visual_shader_node_dot_product.cpp
web_socket_multiplayer_peer.cpp
text_server.cpp
editor_inspector_plugin.cpp
box_container.cpp
visual_shader_node_constant.cpp
shader_globals_override.cpp
gpu_particles_collision_box3d.cpp
occluder_polygon2d.cpp
visual_shader_node_int_parameter.cpp
xr_face_tracker.cpp
csg_cylinder3d.cpp
physics_test_motion_result2d.cpp
editor_export_platform_windows.cpp
visual_shader_node_int_op.cpp
web_rtc_data_channel.cpp
physics_test_motion_parameters3d.cpp
gpu_particles_collision_sdf3d.cpp
text_server_extension.cpp
script_editor_base.cpp
open_xr_action_set.cpp
bone_attachment3d.cpp
visual_shader_node_curve_texture.cpp
weak_ref.cpp
xr_hand_modifier3d.cpp
text_mesh.cpp
visual_shader_node_color_op.cpp
editor_translation_parser_plugin.cpp
box_occluder3d.cpp
script_create_dialog.cpp
script_editor.cpp
animated_sprite2d.cpp
editor_script_picker.cpp
tile_map_layer.cpp
physics_shape_query_parameters3d.cpp
animatable_body3d.cpp
box_mesh.cpp
orm_material3d.cpp
visual_shader_node_comment.cpp
compressed_cubemap_array.cpp
xr_face_modifier3d.cpp
color_picker_button.cpp
script.cpp
editor_vcs_interface.cpp
physics_shape_query_parameters2d.cpp
texture_cubemap_rd.cpp
aes_context.cpp
node3d.cpp
scene_tree_timer.cpp
compressed_texture_layered.cpp
visual_shader_node_float_op.cpp
text_edit.cpp
xr_body_tracker.cpp
button_group.cpp
visual_shader_node_float_func.cpp
node.cpp
editor_spin_slider.cpp
animation.cpp
visual_shader_node_color_parameter.cpp
animation_node_transition.cpp
node2d.cpp
scene_tree.cpp
editor_syntax_highlighter.cpp
tab_container.cpp
animatable_body2d.cpp
container.cpp
a_star3d.cpp
visual_shader_node_vector_op.cpp
nine_patch_rect.cpp
tab_bar.cpp
encoded_object_as_id.cpp
animation_library.cpp
physics_server3d.cpp
physics_direct_space_state2d.cpp
resource_importer_image_font.cpp
visual_shader_node_vector_distance.cpp
resource_uid.cpp
file_system_dock.cpp
cpu_particles3d.cpp
physical_bone3d.cpp
config_file.cpp
cpu_particles2d.cpp
open_xr_action_map.cpp
voxel_gi_data.cpp
resource_importer_shader_file.cpp
array_mesh.cpp
crypto_key.cpp
tls_options.cpp
editor_settings.cpp
convex_polygon_shape2d.cpp
physical_sky_material.cpp
resource_importer_image.cpp
open_xrapi_extension.cpp
animation_node_state_machine_transition.cpp
box_shape3d.cpp
compressed_texture2d.cpp
ogg_packet_sequence.cpp
flow_container.cpp
resource_preloader.cpp
physics_server2d_manager.cpp
animation_root_node.cpp
camera_attributes_practical.cpp
stream_peer_buffer.cpp
physics_direct_body_state3d.cpp
compositor_effect.cpp
camera_attributes_physical.cpp
visual_shader_node_world_position_from_depth.cpp
visual_shader_node_vector_base.cpp
area3d.cpp
sprite_base3d.cpp
standard_material3d.cpp
file_dialog.cpp
area2d.cpp
scene_multiplayer.cpp
physics_body3d.cpp
cone_twist_joint3d.cpp
compositor.cpp
file_access.cpp
csg_torus3d.cpp
resource_importer_obj.cpp
voxel_gi.cpp
navigation_server3d.cpp
sub_viewport.cpp
physics_server2d_extension.cpp
csg_primitive3d.cpp
curve2d.cpp
visual_shader_node_vector_refract.cpp
stream_peer.cpp
navigation_server2d.cpp
rigid_body2d.cpp
physics_point_query_parameters3d.cpp
navigation_region3d.cpp
animation_node_state_machine_playback.cpp
resource_importer_texture.cpp
csg_box3d.cpp
spring_arm3d.cpp
navigation_region2d.cpp
button.cpp
physics_ray_query_parameters3d.cpp
navigation_polygon.cpp
visual_shader_node_vector_len.cpp
animation_tree.cpp
resource_importer_ogg_vorbis.cpp
environment.cpp
animation_node_time_seek.cpp
curve.cpp
engine.cpp
physics_ray_query_parameters2d.cpp
camera_feed.cpp
cubemap.cpp
navigation_path_query_result3d.cpp
visual_shader_node_vector_decompose.cpp
fast_noise_lite.cpp
physics_direct_space_state3d_extension.cpp
bone_map.cpp
navigation_path_query_parameters2d.cpp
visual_shader_node_vec4_parameter.cpp
physics_direct_body_state2d_extension.cpp
resource_loader.cpp
mutex.cpp
camera_attributes.cpp
expression.cpp
animation_node_sync.cpp
physics_point_query_parameters2d.cpp
visual_shader_node_vector_func.cpp
navigation_mesh_source_geometry_data2d.cpp
animation_player.cpp
system_font.cpp
engine_profiler.cpp
rigid_body3d.cpp
animation_node_sub2.cpp
root_motion_view.cpp
physics_direct_space_state2d_extension.cpp
navigation_path_query_result2d.cpp
visual_shader_node_vector_compose.cpp
fbx_document.cpp
animation_node_time_scale.cpp
resource_importer_dynamic_font.cpp
audio_stream_synchronized.cpp
control.cpp
navigation_path_query_parameters3d.cpp
color_picker.cpp
visual_shader_node_vec4_constant.cpp
engine_debugger.cpp
audio_stream_interactive.cpp
animation_node_blend3.cpp
visual_shader_node_vec3_parameter.cpp
animation_node_blend2.cpp
style_box.cpp
visual_shader_node_vec3_constant.cpp
physics_material.cpp
sprite2d.cpp
concave_polygon_shape3d.cpp
audio_stream_player.cpp
animation_node_animation.cpp
visual_shader_node_vec2_parameter.cpp
rich_text_label.cpp
audio_stream_playback_ogg_vorbis.cpp
compressed_texture3d.cpp
multiplayer_peer.cpp
visual_shader_node_vec2_constant.cpp
style_box_empty.cpp
rich_text_effect.cpp
animation_mixer.cpp
physics_direct_space_state3d.cpp
audio_stream_microphone.cpp
animation_node_one_shot.cpp
visual_shader_node_varying_setter.cpp
spot_light3d.cpp
audio_stream_generator.cpp
navigation_obstacle2d.cpp
editor_selection.cpp
physics_body2d.cpp
confirmation_dialog.cpp
packed_int32_array.cpp
array.cpp
sprite_frames.cpp
style_box_line.cpp
editor_undo_redo_manager.cpp
multiplayer_synchronizer.cpp
ribbon_trail_mesh.cpp
visual_shader_node_uv_polar_coord.cpp
audio_stream_playlist.cpp
visual_shader_node_u_int_constant.cpp
packed_vector2_array.cpp
animation_node_blend_space1_d.cpp
fbx_state.cpp
sprite3d.cpp
audio_stream_playback_playlist.cpp
resource_saver.cpp
cubemap_array.cpp
navigation_agent2d.cpp
packed_byte_array.cpp
visual_shader_node_transform_compose.cpp
gpu_particles_attractor_sphere3d.cpp
resource_importer_wav.cpp
convex_polygon_shape3d.cpp
stream_peer_tls.cpp
physical_bone2d.cpp
multi_mesh_instance3d.cpp
physics_direct_body_state2d.cpp
packed_float64_array.cpp
bone2d.cpp
crypto.cpp
animation_node_add3.cpp
visual_shader_node_texture3d.cpp
static_body3d.cpp
packed_int64_array.cpp
gpu_particles_attractor_box3d.cpp
audio_stream_playback_interactive.cpp
concave_polygon_shape2d.cpp
syntax_highlighter.cpp
visual_shader_node_transform_parameter.cpp
performance.cpp
bit_map.cpp
compressed_cubemap.cpp
navigation_mesh_source_geometry_data3d.cpp
gpu_particles_attractor3d.cpp
sub_viewport_container.cpp
signal.cpp
compressed_texture2d_array.cpp
animation_node_blend_tree.cpp
visual_shader_node_texture_parameter_triplanar.cpp
packed_float32_array.cpp
dictionary.cpp
split_container.cpp
physics_direct_body_state3d_extension.cpp
color_rect.cpp
navigation_mesh.cpp
visual_shader_node_texture2d_array.cpp
resource_importer_csv_translation.cpp
multi_mesh.cpp
gpu_particles3d.cpp
style_box_flat.cpp
visual_shader_node_transform_func.cpp
resource_importer_layered_texture.cpp
navigation_link2d.cpp
gltf_texture.cpp
packed_vector4_array.cpp
animation_node.cpp
navigation_agent3d.cpp
base_button.cpp
gltf_spec_gloss.cpp
scene_state.cpp
packed_string_array.cpp
navigation_link3d.cpp
stream_peer_gzip.cpp
animation_node_state_machine.cpp
physics_test_motion_parameters2d.cpp
gltf_light.cpp
packed_vector3_array.cpp
animation_node_add2.cpp
visual_shader_node_uv_func.cpp
resource_importer_scene.cpp
visual_shader_node_u_int_parameter.cpp
status_indicator.cpp
animation_node_output.cpp
physical_bone_simulator3d.cpp
resource_importer_texture_atlas.cpp
gltf_document_extension_convert_importer_mesh.cpp
multiplayer_api.cpp
visual_shader_node_varying_getter.cpp
animation_node_blend_space2d.cpp
physics_server2d.cpp
gd_extension_manager.cpp
physics_server3d_rendering_server_handler.cpp
audio_stream_generator_playback.cpp
packed_color_array.cpp
multiplayer_spawner.cpp
packed_arrays.cpp
resource_importer_mp3.cpp
audio_stream_playback_resampled.cpp
physics_server3d_manager.cpp
multiplayer_api_extension.cpp
scene_replication_config.cpp
style_box_texture.cpp
visual_shader_node_varying.cpp
gltf_skin.cpp
audio_stream_playback.cpp
physics_server3d_extension.cpp
visual_shader_node_transform_decompose.cpp
path_follow2d.cpp
stream_peer_extension.cpp
font.cpp
resource_importer_bit_map.cpp
audio_stream_polyphonic.cpp
multiplayer_peer_extension.cpp
audio_stream_playback_synchronized.cpp
gltf_camera.cpp
resource_importer_bm_font.cpp
multi_mesh_instance2d.cpp
tcp_server.cpp
audio_stream_player3d.cpp
audio_stream_player2d.cpp
movie_writer.cpp
static_body2d.cpp
surface_tool.cpp
resource_importer.cpp
particle_process_material.cpp
audio_stream_wav.cpp
stream_peer_tcp.cpp
gd_extension.cpp
visual_shader_node_transform_vec_mult.cpp
parallax_layer.cpp
audio_stream_playback_polyphonic.cpp
navigation_obstacle3d.cpp
parallax_background.cpp
mobile_vr_interface.cpp
visual_shader.cpp
resource.cpp
parallax2d.cpp
fog_volume.cpp
visual_shader_node_transform_constant.cpp
gd_script.cpp
remote_transform3d.cpp
visual_shader_node_texture2d_parameter.cpp
visible_on_screen_notifier3d.cpp
render_scene_data.cpp
navigation_mesh_generator.cpp
gltf_animation.cpp
visible_on_screen_enabler2d.cpp
gltf_document_extension.cpp
visual_shader_node_transform_op.cpp
visual_shader_node.cpp
gltf_texture_sampler.cpp
rendering_device.cpp
option_button.cpp
audio_stream_ogg_vorbis.cpp
visible_on_screen_notifier2d.cpp
native_menu.cpp
reflection_probe.cpp
base_material3d.cpp
packet_peer_udp.cpp
audio_stream_randomizer.cpp
visible_on_screen_enabler3d.cpp
visual_shader_node_texture3d_parameter.cpp
visual_shader_node_texture_sdf_normal.cpp
audio_stream.cpp
framebuffer_cache_rd.cpp
random_number_generator.cpp
visual_instance3d.cpp
open_xr_composition_layer_cylinder.cpp
visual_shader_node_texture_parameter.cpp
audio_stream_mp3.cpp
packet_peer.cpp
visual_shader_node_texture2d_array_parameter.cpp
render_scene_buffers_rd.cpp
open_xr_hand.cpp
visual_shader_node_switch.cpp
mesh_instance3d.cpp
remote_transform2d.cpp
back_buffer_copy.cpp
open_xr_interface.cpp
fog_material.cpp
visual_shader_node_clamp.cpp
render_scene_buffers_extension.cpp
visual_shader_node_texture.cpp
gltf_accessor.cpp
audio_effect_stereo_enhance.cpp
packed_data_container.cpp
visual_shader_node_boolean_parameter.cpp
mesh_data_tool.cpp
ref_counted.cpp
audio_effect_spectrum_analyzer_instance.cpp
mesh_convex_decomposition_settings.cpp
audio_effect_record.cpp
optimized_translation.cpp
gltf_physics_body.cpp
render_scene_buffers_configuration.cpp
node_path.cpp
menu_button.cpp
visual_shader_node_boolean_constant.cpp
panel.cpp
visual_shader_node_billboard.cpp
audio_sample.cpp
marker2d.cpp
visual_shader_node_texture_sdf.cpp
gltf_node.cpp
audio_listener2d.cpp
string.cpp
ray_cast2d.cpp
mesh.cpp
viewport_texture.cpp
packed_scene.cpp
visual_shader_node_u_int_op.cpp
vector3i.cpp
error_macros.cpp
gltf_buffer_view.cpp
vector4.cpp
vector2.cpp

vector2i.cpp
rd_uniform.cpp
audio_listener3d.cpp
visual_shader_node_u_int_func.cpp
color.cpp
gltf_document.cpp
audio_effect_phaser.cpp
viewport.cpp
open_xr_composition_layer.cpp
audio_sample_playback.cpp
gltf_mesh.cpp
open_xr_extension_wrapper_extension.cpp
video_stream_theora.cpp
ray_cast3d.cpp
visual_shader_node_step.cpp
panorama_sky_material.cpp
margin_container.cpp
packet_peer_dtls.cpp
visual_shader_node_smooth_step.cpp
gpu_particles2d.cpp
open_xr_composition_layer_equirect.cpp
reference_rect.cpp
gltf_state.cpp
video_stream_playback.cpp
visual_shader_node_screen_uv_to_sdf.cpp
gltf_physics_shape.cpp
render_scene_data_rd.cpp
font_variation.cpp
packet_peer_stream.cpp
line2d.cpp
audio_effect_reverb.cpp
marshalls.cpp
font_file.cpp
translation_server.cpp
audio_effect_pitch_shift.cpp
mesh_instance2d.cpp
v_separator.cpp
string_name.cpp
reg_ex_match.cpp
visual_shader_node_sample3d.cpp
resource_format_loader.cpp
resource_format_saver.cpp
gltf_skeleton.cpp
visual_shader_node_sdf_to_screen_uv.cpp
link_button.cpp
open_xrip_binding.cpp
render_data_rd.cpp
tree.cpp
uniform_set_cache_rd.cpp
audio_effect_panner.cpp
editor_export_platform_ios.cpp
render_data_extension.cpp
menu_bar.cpp
callable.cpp
packet_peer_extension.cpp
main_loop.cpp
visual_shader_node_random_range.cpp
audio_server.cpp
torus_mesh.cpp
immediate_mesh.cpp
editor_debugger_plugin.cpp
pck_packer.cpp
visual_shader_node_particle_multiply_by_axis_angle.cpp
render_scene_data_extension.cpp
missing_node.cpp
xr_positional_tracker.cpp
visual_shader_node_particle_emit.cpp
image_format_loader.cpp
editor_export_platform_android.cpp
missing_resource.cpp
video_stream.cpp
audio_effect_spectrum_analyzer.cpp
editor_export_platform.cpp
visual_shader_node_particle_randomness.cpp
image_texture.cpp
audio_effect_low_pass_filter.cpp
path_follow3d.cpp
rd_vertex_attribute.cpp
xr_server.cpp
rid.cpp
udp_server.cpp
method_tweener.cpp
ip.cpp
audio_effect_limiter.cpp
open_xr_composition_layer_quad.cpp
visual_shader_node_sdf_raymarch.cpp
material.cpp
visual_shader_node_reroute.cpp
editor_debugger_session.cpp
image_format_loader_extension.cpp
input_event_mouse_button.cpp
curve3d.cpp
render_scene_buffers.cpp
audio_effect_eq.cpp
utility_functions.cpp
reg_ex.cpp
audio_effect_notch_filter.cpp
vehicle_body3d.cpp
rectangle_shape2d.cpp
path3d.cpp
mesh_texture.cpp
v_slider.cpp
path2d.cpp
zip_reader.cpp
undo_redo.cpp
audio_effect_high_shelf_filter.cpp
vehicle_wheel3d.cpp
audio_effect_eq21.cpp
input_event_gesture.cpp
panel_container.cpp
dir_access.cpp
packed_data_container_ref.cpp
marker3d.cpp
input_event_mouse.cpp
visual_shader_node_particle_mesh_emitter.cpp
render_data.cpp
input_event_magnify_gesture.cpp
open_xr_interaction_profile.cpp
directional_light2d.cpp
input_event_joypad_motion.cpp
open_xr_interaction_profile_metadata.cpp
mesh_library.cpp
line_edit.cpp
touch_screen_button.cpp
range.cpp
visual_shader_node_remap.cpp
audio_effect_hard_limiter.cpp
rendering_server.cpp
spin_box.cpp
lightmapper_rd.cpp
input_event_from_window.cpp
curve_xyz_texture.cpp
audio_effect_high_pass_filter.cpp
input_event.cpp
audio_effect_low_shelf_filter.cpp
rd_texture_view.cpp
lightmapper.cpp
v_scroll_bar.cpp
damped_spring_joint2d.cpp
e_net_packet_peer.cpp
visual_shader_node_outer_product.cpp
v_flow_container.cpp
soft_body3d.cpp
input_event_midi.cpp
lightmap_probe.cpp
audio_effect_eq10.cpp
lightmap_gi_data.cpp
visual_shader_node_mix.cpp
rd_texture_format.cpp
cylinder_shape3d.cpp
input_event_key.cpp
tile_set_source.cpp
slider.cpp
visual_shader_node_parameter.cpp
audio_effect_eq6.cpp
cylinder_mesh.cpp
rd_pipeline_color_blend_state_attachment.cpp
visual_shader_node_particle_sphere_emitter.cpp
v_box_container.cpp
image_texture_layered.cpp
audio_effect_instance.cpp
sky.cpp
rd_shader_source.cpp
light3d.cpp
visual_shader_node_particle_accelerator.cpp
rd_pipeline_specialization_constant.cpp
label3d.cpp
audio_effect_filter.cpp
e_net_multiplayer_peer.cpp
visual_shader_node_resizable_base.cpp
importer_mesh_instance3d.cpp
decal.cpp
skeleton_modification_stack2d.cpp
rd_pipeline_depth_stencil_state.cpp
instance_placeholder.cpp
visual_shader_node_parameter_ref.cpp
upnp_device.cpp
image_texture3d.cpp
zip_packer.cpp
e_net_connection.cpp
visual_shader_node_rotation_by_axis.cpp
progress_bar.cpp
skin.cpp
collision_shape2d.cpp
input_event_action.cpp
java_script_bridge.cpp
tween.cpp
curve_texture.cpp
jsonrpc.cpp
skeleton_modification2d_look_at.cpp
shortcut.cpp
tweener.cpp
visual_shader_node_particle_output.cpp
visual_shader_node_linear_scene_depth.cpp
popup.cpp
dtls_server.cpp
skeleton_modification2d_physical_bones.cpp
camera_server.cpp
point_mesh.cpp
vector3.cpp
triangle_mesh.cpp
xr_pose.cpp
audio_effect_distortion.cpp
capsule_mesh.cpp
editor_command_palette.cpp
input.cpp
rect2.cpp
timer.cpp
visual_shader_node_multiply_add.cpp
input_event_joypad_button.cpp
transform3d.cpp
array_occluder3d.cpp
skeleton_profile_humanoid.cpp
rect2i.cpp
rd_shader_file.cpp
callable_custom.cpp
canvas_item.cpp
tube_trail_mesh.cpp
projection.cpp
editor_plugin_registration.cpp
plane.cpp
quaternion.cpp
object.cpp
transform2d.cpp
callable_method_pointer.cpp
aabb.cpp
my_node.cpp
char_string.cpp
wrapped.cpp
basis.cpp
my_singleton.cpp
class_db.cpp
method_bind.cpp
variant.cpp
godot.cpp
register_types.cpp
xr_tracker.cpp
display_server.cpp
time.cpp
visual_shader_node_particle_ring_emitter.cpp
skeleton_profile.cpp
importer_mesh.cpp
audio_effect_delay.cpp
label.cpp
t_compressor.cpp
v_split_container.cpp
rd_pipeline_multisample_state.cpp
joint3d.cpp
skeleton_ik3d.cpp
upnp.cpp
visual_shader_node_is.cpp
image.cpp
directional_light3d.cpp
atlas_texture.cpp
visual_shader_node_particle_emitter.cpp
jni_singleton.cpp
shape2d.cpp
xrvrs.cpp
editor_export_platform_linux_bsd.cpp
collision_object3d.cpp
audio_effect_chorus.cpp
visual_shader_node_particle_box_emitter.cpp
editor_script.cpp
tree_item.cpp
shape_cast2d.cpp
point_light2d.cpp
input_event_shortcut.cpp
visual_shader_node_particle_cone_velocity.cpp
skin_reference.cpp
video_stream_player.cpp
editor_scene_post_import_plugin.cpp
hinge_joint3d.cpp
audio_effect_amplify.cpp
audio_effect_band_pass_filter.cpp
height_map_shape3d.cpp
skeleton_modification2d_two_bone_ik.cpp
rd_attachment_format.cpp
input_event_screen_drag.cpp
hashing_context.cpp
skeleton_modification2d_stack_holder.cpp
input_event_screen_touch.cpp
project_settings.cpp
editor_scene_format_importer_ufbx.cpp
visual_shader_node_output.cpp
capsule_shape2d.cpp
shader_material.cpp
translation.cpp
item_list.cpp
visual_shader_node_screen_normal_world_space.cpp
canvas_modulate.cpp
portable_compressed_texture2d.cpp
input_map.cpp
tile_set_scenes_collection_source.cpp
visual_shader_node_proximity_fade.cpp
h_slider.cpp
editor_scene_format_importer_gltf.cpp
property_tweener.cpp
input_event_mouse_motion.cpp
collision_object2d.cpp
skeleton_modification2d_jiggle.cpp
gradient.cpp
tile_set_atlas_source.cpp
audio_effect.cpp
editor_scene_format_importer_fbx2_gltf.cpp
prism_mesh.cpp
xr_node3d.cpp
lightmap_gi.cpp
camera_texture.cpp
editor_resource_tooltip_plugin.cpp
light_occluder2d.cpp
editor_file_system_directory.cpp
xr_interface.cpp
tile_set.cpp
visual_shader_node_group_base.cpp
input_event_with_modifiers.cpp
class_db_singleton.cpp
h_separator.cpp
primitive_mesh.cpp
h_flow_container.cpp
audio_bus_layout.cpp
character_body3d.cpp
kinematic_collision2d.cpp
tile_map_pattern.cpp
xr_hand_tracker.cpp
visual_shader_node_if.cpp
audio_effect_capture.cpp
input_event_pan_gesture.cpp
capsule_shape3d.cpp
editor_file_system_import_format_support_query.cpp
gpu_particles_collision_sphere3d.cpp
shape_cast3d.cpp
rd_pipeline_rasterization_state.cpp
aspect_ratio_container.cpp
quad_occluder3d.cpp
interval_tweener.cpp
graph_element.cpp
char_fx_transform.cpp
audio_effect_band_limit_filter.cpp
procedural_sky_material.cpp
thread.cpp
visual_shader_node_int_func.cpp
xr_controller_tracker.cpp
texture.cpp
xr_controller3d.cpp
popup_panel.cpp
label_settings.cpp
code_highlighter.cpp
quad_mesh.cpp
h_scroll_bar.cpp
text_server_dummy.cpp
visual_shader_node_int_constant.cpp
gpu_particles_collision_height_field3d.cpp
editor_feature_profile.cpp
center_container.cpp
text_server_advanced.cpp
json.cpp
editor_export_platform_web.cpp
skeleton3d.cpp
sphere_occluder3d.cpp
collision_polygon3d.cpp
editor_property.cpp
visual_shader_node_fresnel.cpp
grid_container.cpp
rd_sampler_state.cpp
graph_node.cpp
rd_framebuffer_pass.cpp
text_server_manager.cpp
graph_edit.cpp
rd_pipeline_color_blend_state.cpp
java_script_object.cpp
editor_scene_format_importer.cpp
visual_shader_node_frame.cpp
web_rtc_multiplayer_peer.cpp
rd_shader_spirv.cpp
xr_anchor3d.cpp
visual_shader_node_float_constant.cpp
gpu_particles_attractor_vector_field3d.cpp
check_button.cpp
code_edit.cpp
skeleton2d.cpp
java_class.cpp
visual_shader_node_distance_fade.cpp
generic6_dof_joint3d.cpp
check_box.cpp
world3d.cpp
tile_map.cpp
visual_shader_node_color_func.cpp
editor_node3d_gizmo.cpp
canvas_item_material.cpp
slider_joint3d.cpp
visual_shader_node_cubemap_parameter.cpp
low_level.cpp
geometry2d.cpp
texture3drd.cpp
editor_resource_preview.cpp
canvas_group.cpp
visual_shader_node_cubemap.cpp
   Bibliothek "project\addons\example\bin\libexample.windows.debug.x86_64.lib" und Objekt "project\addons\example\bin\libexample.windows.debug.x86_64.exp" werden erstellt.
ak_switch.cpp
ak_listener.cpp
ak_environment.cpp
ak_event2d.cpp
ak_listener2d.cpp
register_types.cpp
register_types.cpp
ak_bank.cpp
ak_event.cpp
ak_environment.cpp
ak_event2d.cpp
ak_listener.cpp
ak_state.cpp
ak_switch.cpp
ak_listener2d.cpp
register_types.cpp
ak_listener.cpp
ak_state.cpp
ak_environment.cpp
ak_event2d.cpp
ak_bank.cpp
ak_event.cpp
ak_switch.cpp
register_types.cpp
ak_environment.cpp
ak_event.cpp
ak_listener.cpp
ak_state.cpp
ak_event2d.cpp
ak_listener2d.cpp
ak_bank.cpp
ak_switch.cpp
register_types.cpp
ak_bank.cpp
ak_environment.cpp
ak_event.cpp
ak_event2d.cpp
ak_listener.cpp
ak_state.cpp
ak_switch.cpp
ak_listener2d.cpp
ww_environment.cpp
ww_event2d.cpp
ww_event.cpp
register_types.cpp
ww_switch.cpp
ww_listener2d.cpp
ww_state.cpp
ww_listener.cpp
ak_bank.cpp
ww_bank.cpp
register_types.cpp
ww_environment.cpp
ww_event2d.cpp
ww_event.cpp
ww_listener.cpp
ww_listener2d.cpp
ak_listener2d.cpp
ak_environment.cpp
ak_event.cpp
ak_switch.cpp
ak_event2d.cpp
ak_state.cpp
ak_bank.cpp
ww_bank.cpp
ww_environment.cpp
ww_event.cpp
ww_event2d.cpp
ww_listener.cpp
ww_listener2d.cpp
ak_event2d.cpp
ak_environment.cpp
ak_listener2d.cpp
ak_listener.cpp
ak_switch.cpp
ak_state.cpp
ww_event.cpp
ww_environment.cpp
ww_bank.cpp
ww_listener.cpp
ww_state.cpp
ww_listener2d.cpp
ww_switch.cpp
register_types.cpp
ww_bank.cpp
ww_listener2d.cpp
ww_event2d.cpp
register_types.cpp
ww_switch.cpp
ww_environment.cpp
ww_event.cpp
ww_state.cpp
ww_listener.cpp
ww_bank.cpp
register_types.cpp
ww_event2d.cpp
ww_switch.cpp
ww_listener2d.cpp
ww_bank.cpp
ww_bank.cpp
   Bibliothek "project\addons\example\bin\libexample.windows.debug.x86_64.lib" und Objekt "project\addons\example\bin\libexample.windows.debug.x86_64.exp" werden erstellt.
memory.cpp
error_macros.cpp
aabb.cpp
editor_plugin_registration.cpp
packed_arrays.cpp
basis.cpp
callable_custom.cpp
color.cpp
char_string.cpp
callable_method_pointer.cpp
quaternion.cpp
rect2i.cpp
projection.cpp
rect2.cpp
transform3d.cpp
transform2d.cpp
vector2.cpp
method_bind.cpp
vector2i.cpp
vector3.cpp
low_level.cpp
godot.cpp
p
vector4.cpp
object.cpp
wrapped.cpp
vector4i.cpp
signal.cpp
rid.cpp
node_path.cpp
string.cpp
callable.cpp
class_db.cpp
variant.cpp
array.cpp
packed_byte_array.cpp
packed_float32_array.cpp
dictionary.cpp
packed_float64_array.cpp
packed_int64_array.cpp
packed_vector2_array.cpp
string_name.cpp
packed_string_array.cpp
packed_vector3_array.cpp
packed_color_array.cpp
packed_vector4_array.cpp
aes_context.cpp
a_star2d.cpp
a_star3d.cpp
a_star_grid2d.cpp
animatable_body3d.cpp
animatable_body2d.cpp
animated_sprite3d.cpp
accept_dialog.cpp
animated_sprite2d.cpp
animation_library.cpp
animated_texture.cpp
animation.cpp
animation_mixer.cpp
animation_node_add2.cpp
animation_node.cpp
animation_node_add3.cpp
animation_node_blend2.cpp
animation_node_animation.cpp
animation_node_blend3.cpp
animation_node_blend_space2d.cpp
animation_node_blend_space1_d.cpp
animation_node_output.cpp
animation_node_blend_tree.cpp
animation_node_one_shot.cpp
animation_node_state_machine_transition.cpp
animation_node_state_machine.cpp
animation_node_state_machine_playback.cpp
animation_node_sync.cpp
animation_node_sub2.cpp
.cpp
animation_node_time_seek.cpp
animation_node_transition.cpp
animation_root_node.cpp
animation_player.cpp
animation_tree.cpp
array_occluder3d.cpp
area2d.cpp
array_mesh.cpp
area3d.cpp
audio_bus_layout.cpp
atlas_texture.cpp
audio_effect.cpp
audio_effect_band_limit_filter.cpp
audio_effect_amplify.cpp
aspect_ratio_container.cpp
audio_effect_band_pass_filter.cpp
audio_effect_capture.cpp
audio_effect_chorus.cpp
audio_effect_compressor.cpp
audio_effect_delay.cpp
audio_effect_distortion.cpp
audio_effect_eq10.cpp
audio_effect_eq.cpp
audio_effect_eq21.cpp
audio_effect_filter.cpp
audio_effect_hard_limiter.cpp
audio_effect_eq6.cpp
audio_effect_high_shelf_filter.cpp
audio_effect_high_pass_filter.cpp
audio_effect_limiter.cpp
audio_effect_low_shelf_filter.cpp
audio_effect_low_pass_filter.cpp
audio_effect_notch_filter.cpp
audio_effect_panner.cpp
audio_effect_phaser.cpp
audio_effect_pitch_shift.cpp
audio_effect_reverb.cpp
audio_effect_record.cpp
audio_effect_spectrum_analyzer_instance.cpp
audio_effect_stereo_enhance.cpp
audio_effect_spectrum_analyzer.cpp
audio_listener3d.cpp
audio_sample.cpp
audio_listener2d.cpp
audio_sample_playback.cpp
audio_stream_generator.cpp
audio_stream.cpp
audio_stream_generator_playback.cpp
audio_server.cpp
audio_stream_mp3.cpp
audio_stream_interactive.cpp
audio_stream_microphone.cpp
audio_stream_ogg_vorbis.cpp
audio_stream_playback.cpp
audio_stream_playback_interactive.cpp
audio_stream_playback_ogg_vorbis.cpp
audio_stream_playback_playlist.cpp
audio_stream_playback_resampled.cpp
audio_stream_playback_polyphonic.cpp
audio_stream_playback_synchronized.cpp
audio_stream_player.cpp
audio_stream_player3d.cpp
audio_stream_playlist.cpp
audio_stream_polyphonic.cpp
audio_stream_randomizer.cpp
audio_stream_synchronized.cpp
audio_stream_player2d.cpp
audio_stream_wav.cpp
back_buffer_copy.cpp
bit_map.cpp
base_button.cpp
bone2d.cpp
bone_attachment3d.cpp
base_material3d.cpp
bone_map.cpp
box_mesh.cpp
box_shape3d.cpp
box_occluder3d.cpp
box_container.cpp
button.cpp
cpu_particles3d.cpp
button_group.cpp
cpu_particles2d.cpp
csg_combiner3d.cpp
csg_box3d.cpp
csg_mesh3d.cpp
csg_cylinder3d.cpp
csg_polygon3d.cpp
csg_primitive3d.cpp
csg_shape3d.cpp
csg_sphere3d.cpp
csg_torus3d.cpp
callback_tweener.cpp
camera2d.cpp
camera_attributes_physical.cpp
camera_attributes.cpp
camera3d.cpp
camera_attributes_practical.cpp
camera_feed.cpp
camera_texture.cpp
canvas_item_material.cpp
canvas_group.cpp
camera_server.cpp
canvas_item.cpp
canvas_layer.cpp
capsule_mesh.cpp
canvas_modulate.cpp
capsule_shape2d.cpp
capsule_shape3d.cpp
char_fx_transform.cpp
canvas_texture.cpp
center_container.cpp
character_body2d.cpp
character_body3d.cpp
check_box.cpp
circle_shape2d.cpp
check_button.cpp
class_db_singleton.cpp
code_edit.cpp
code_highlighter.cpp
collision_object3d.cpp
collision_polygon2d.cpp
collision_polygon3d.cpp
collision_shape3d.cpp
collision_object2d.cpp
collision_shape2d.cpp
compositor.cpp
compositor_effect.cpp
color_picker.cpp
color_rect.cpp
color_picker_button.cpp
compressed_cubemap.cpp
compressed_cubemap_array.cpp
compressed_texture2d.cpp
compressed_texture2d_array.cpp
compressed_texture3d.cpp
concave_polygon_shape3d.cpp
compressed_texture_layered.cpp
concave_polygon_shape2d.cpp
cone_twist_joint3d.cpp
config_file.cpp
convex_polygon_shape2d.cpp
container.cpp
confirmation_dialog.cpp
convex_polygon_shape3d.cpp
crypto.cpp
crypto_key.cpp
control.cpp
cubemap.cpp
cubemap_array.cpp
curve.cpp
curve3d.cpp
curve2d.cpp
curve_texture.cpp
curve_xyz_texture.cpp
cylinder_mesh.cpp
cylinder_shape3d.cpp
dtls_server.cpp
dir_access.cpp
damped_spring_joint2d.cpp
directional_light3d.cpp
decal.cpp
directional_light2d.cpp
e_net_connection.cpp
display_server.cpp
e_net_packet_peer.cpp
e_net_multiplayer_peer.cpp
editor_export_platform.cpp
editor_command_palette.cpp
editor_debugger_plugin.cpp
editor_debugger_session.cpp
editor_export_platform_android.cpp
editor_export_platform_mac_os.cpp
editor_export_platform_pc.cpp
editor_export_platform_windows.cpp
editor_export_platform_ios.cpp
editor_export_platform_linux_bsd.cpp
editor_export_platform_web.cpp
editor_export_plugin.cpp
editor_feature_profile.cpp
editor_file_system_directory.cpp
editor_file_system.cpp
editor_file_system_import_format_support_query.cpp
editor_import_plugin.cpp
editor_file_dialog.cpp
editor_inspector.cpp
editor_inspector_plugin.cpp
editor_paths.cpp
editor_node3d_gizmo.cpp
editor_node3d_gizmo_plugin.cpp
editor_property.cpp
editor_interface.cpp
editor_plugin.cpp
editor_resource_conversion_plugin.cpp
editor_resource_picker.cpp
editor_resource_preview_generator.cpp
editor_resource_preview.cpp
editor_scene_format_importer.cpp
editor_scene_format_importer_blend.cpp
editor_resource_tooltip_plugin.cpp
editor_scene_format_importer_fbx2_gltf.cpp
editor_scene_format_importer_gltf.cpp
editor_scene_post_import.cpp
editor_scene_format_importer_ufbx.cpp
editor_scene_post_import_plugin.cpp
editor_script.cpp
editor_selection.cpp
editor_script_picker.cpp
editor_settings.cpp
editor_spin_slider.cpp
editor_syntax_highlighter.cpp
editor_translation_parser_plugin.cpp
editor_undo_redo_manager.cpp
editor_vcs_interface.cpp
encoded_object_as_id.cpp
engine.cpp
engine_debugger.cpp
engine_profiler.cpp
expression.cpp
environment.cpp
fbx_document.cpp
fbx_state.cpp
fast_noise_lite.cpp
file_access.cpp
fog_material.cpp
flow_container.cpp
file_system_dock.cpp
file_dialog.cpp
font.cpp
fog_volume.cpp
e_rd.cpp
font_variation.cpp
font_file.cpp
gd_extension.cpp
gd_script.cpp
gd_extension_manager.cpp
gltf_accessor.cpp
gltf_animation.cpp
gltf_buffer_view.cpp
gltf_document.cpp
gltf_document_extension_convert_importer_mesh.cpp
gltf_camera.cpp
gltf_light.cpp
gltf_document_extension.cpp
gltf_mesh.cpp
gltf_node.cpp
gltf_physics_body.cpp
gltf_physics_shape.cpp
gltf_skeleton.cpp
gltf_spec_gloss.cpp
gltf_skin.cpp
gltf_texture.cpp
gltf_state.cpp
gltf_texture_sampler.cpp
gpu_particles_attractor_box3d.cpp
gpu_particles2d.cpp
gpu_particles_attractor3d.cpp
gpu_particles_attractor_sphere3d.cpp
gpu_particles3d.cpp
gpu_particles_attractor_vector_field3d.cpp
gpu_particles_collision3d.cpp
gpu_particles_collision_box3d.cpp
gpu_particles_collision_height_field3d.cpp
generic6_dof_joint3d.cpp
gpu_particles_collision_sdf3d.cpp
gpu_particles_collision_sphere3d.cpp
geometry2d.cpp
geometry3d.cpp
geometry_instance3d.cpp
gradient_texture1_d.cpp
gradient.cpp
gradient_texture2d.cpp
graph_element.cpp
graph_edit.cpp
graph_frame.cpp
graph_node.cpp
grid_container.cpp
grid_map.cpp
groove_joint2d.cpp
h_flow_container.cpp
h_box_container.cpp
hmac_context.cpp
h_scroll_bar.cpp
h_separator.cpp
h_slider.cpp
h_split_container.cpp
http_client.cpp
http_request.cpp
hashing_context.cpp
height_map_shape3d.cpp
hinge_joint3d.cpp
image_format_loader.cpp
ip.cpp
image.cpp
image_format_loader_extension.cpp
image_texture.cpp
image_texture3d.cpp
image_texture_layered.cpp
immediate_mesh.cpp
importer_mesh.cpp
importer_mesh_instance3d.cpp
input.cpp
input_event.cpp
input_event_action.cpp
input_event_from_window.cpp
input_event_gesture.cpp
input_event_joypad_button.cpp
input_event_joypad_motion.cpp
input_event_key.cpp
input_event_midi.cpp
input_event_magnify_gesture.cpp
input_event_mouse.cpp
input_event_mouse_button.cpp
input_event_mouse_motion.cpp
input_event_pan_gesture.cpp
input_event_screen_drag.cpp
input_event_screen_touch.cpp
input_event_with_modifiers.cpp
input_event_shortcut.cpp
interval_tweener.cpp
instance_placeholder.cpp
jni_singleton.cpp
input_map.cpp
json.cpp
jsonrpc.cpp
item_list.cpp
java_class.cpp
java_class_wrapper.cpp
java_script_bridge.cpp
java_script_object.cpp
joint3d.cpp
kinematic_collision2d.cpp
joint2d.cpp
kinematic_collision3d.cpp
label_settings.cpp
light_occluder2d.cpp
lightmap_gi.cpp
label.cpp
light3d.cpp
light2d.cpp
label3d.cpp
lightmap_gi_data.cpp
lightmapper.cpp
lightmap_probe.cpp
lightmapper_rd.cpp
line2d.cpp
main_loop.cpp
link_button.cpp
line_edit.cpp
marker2d.cpp
margin_container.cpp
marker3d.cpp
marshalls.cpp
material.cpp
menu_bar.cpp
menu_button.cpp
mesh.cpp
mesh_convex_decomposition_settings.cpp
mesh_data_tool.cpp
mesh_instance2d.cpp
mesh_instance3d.cpp
mesh_library.cpp
mesh_texture.cpp
method_tweener.cpp
missing_node.cpp
movie_writer.cpp
missing_resource.cpp
mobile_vr_interface.cpp
multi_mesh.cpp
multiplayer_api.cpp
multi_mesh_instance3d.cpp
multi_mesh_instance2d.cpp
multiplayer_api_extension.cpp
multiplayer_peer_extension.cpp
multiplayer_peer.cpp
multiplayer_spawner.cpp
mutex.cpp
multiplayer_synchronizer.cpp
native_menu.cpp
navigation_agent2d.cpp
navigation_agent3d.cpp
navigation_link3d.cpp
navigation_link2d.cpp
navigation_mesh_source_geometry_data2d.cpp
navigation_mesh.cpp
navigation_mesh_source_geometry_data3d.cpp
navigation_mesh_generator.cpp
navigation_obstacle3d.cpp
navigation_path_query_parameters2d.cpp
navigation_obstacle2d.cpp
navigation_path_query_parameters3d.cpp
navigation_path_query_result2d.cpp
navigation_path_query_result3d.cpp
navigation_polygon.cpp
navigation_region3d.cpp
navigation_region2d.cpp
nine_patch_rect.cpp
node2d.cpp
navigation_server2d.cpp
node3d.cpp
node.cpp
noise_texture2d.cpp
navigation_server3d.cpp
node3d_gizmo.cpp
noise.cpp
noise_texture3d.cpp
orm_material3d.cpp
os.cpp
object.cpp
occluder3d.cpp
occluder_instance3d.cpp
occluder_polygon2d.cpp
offline_multiplayer_peer.cpp
ogg_packet_sequence_playback.cpp
ogg_packet_sequence.cpp
omni_light3d.cpp
open_xrapi_extension.cpp
open_xr_action.cpp
open_xr_action_map.cpp
open_xr_action_set.cpp
open_xr_composition_layer.cpp
open_xr_composition_layer_equirect.cpp
open_xr_composition_layer_cylinder.cpp
open_xr_composition_layer_quad.cpp
open_xr_extension_wrapper_extension.cpp
open_xr_interaction_profile.cpp
open_xr_hand.cpp
open_xrip_binding.cpp
open_xr_interaction_profile_metadata.cpp
open_xr_interface.cpp
optimized_translation.cpp
pck_packer.cpp
packed_data_container.cpp
option_button.cpp
packed_data_container_ref.cpp
packed_scene.cpp
packet_peer.cpp
packet_peer_dtls.cpp
packet_peer_extension.cpp
packet_peer_stream.cpp
packet_peer_udp.cpp
panorama_sky_material.cpp
panel.cpp
panel_container.cpp
parallax_background.cpp
parallax2d.cpp
parallax_layer.cpp
particle_process_material.cpp
path3d.cpp
path2d.cpp
path_follow3d.cpp
path_follow2d.cpp
performance.cpp
physical_bone2d.cpp
physical_sky_material.cpp
physical_bone_simulator3d.cpp
physical_bone3d.cpp
physics_direct_body_state2d_extension.cpp
physics_body3d.cpp
physics_body2d.cpp
physics_direct_body_state2d.cpp
physics_direct_body_state3d.cpp
physics_direct_body_state3d_extension.cpp
physics_direct_space_state2d.cpp
physics_direct_space_state2d_extension.cpp
physics_material.cpp
physics_direct_space_state3d.cpp
physics_direct_space_state3d_extension.cpp
physics_point_query_parameters2d.cpp
physics_ray_query_parameters2d.cpp
physics_point_query_parameters3d.cpp
physics_ray_query_parameters3d.cpp
physics_server2d_manager.cpp
physics_server2d_extension.cpp
physics_server3d_extension.cpp
physics_server3d_rendering_server_handler.cpp
physics_server2d.cpp
physics_shape_query_parameters2d.cpp
physics_server3d_manager.cpp
physics_server3d.cpp
physics_test_motion_parameters3d.cpp
physics_test_motion_parameters2d.cpp
physics_shape_query_parameters3d.cpp
physics_test_motion_result2d.cpp
physics_test_motion_result3d.cpp
pin_joint2d.cpp
pin_joint3d.cpp
placeholder_cubemap.cpp
placeholder_cubemap_array.cpp
placeholder_material.cpp
placeholder_mesh.cpp
placeholder_texture2d_array.cpp
placeholder_texture2d.cpp
placeholder_texture3d.cpp
placeholder_texture_layered.cpp
point_mesh.cpp
plane_mesh.cpp
point_light2d.cpp
polygon2d.cpp
polygon_occluder3d.cpp
polygon_path_finder.cpp
popup.cpp
popup_panel.cpp
portable_compressed_texture2d.cpp
primitive_mesh.cpp
popup_menu.cpp
prism_mesh.cpp
procedural_sky_material.cpp
project_settings.cpp
progress_bar.cpp
quad_mesh.cpp
property_tweener.cpp
quad_occluder3d.cpp
rd_attachment_format.cpp
rd_framebuffer_pass.cpp
rd_pipeline_color_blend_state.cpp
rd_pipeline_color_blend_state_attachment.cpp
rd_pipeline_depth_stencil_state.cpp
rd_pipeline_multisample_state.cpp
rd_pipeline_specialization_constant.cpp
rd_pipeline_rasterization_state.cpp
rd_shader_spirv.cpp
rd_shader_file.cpp
rd_sampler_state.cpp
rd_texture_format.cpp
rd_shader_source.cpp
rd_texture_view.cpp
rd_uniform.cpp
rd_vertex_attribute.cpp
random_number_generator.cpp
range.cpp
ray_cast2d.cpp
ref_counted.cpp
rectangle_shape2d.cpp
ray_cast3d.cpp
reg_ex.cpp
reg_ex_match.cpp
remote_transform3d.cpp
render_data.cpp
reference_rect.cpp
render_data_extension.cpp
reflection_probe.cpp
remote_transform2d.cpp
render_data_rd.cpp
render_scene_buffers.cpp
render_scene_data.cpp
render_scene_buffers_configuration.cpp
render_scene_data_rd.cpp
render_scene_data_extension.cpp
resource.cpp
resource_format_saver.cpp
resource_format_loader.cpp
render_scene_buffers_extension.cpp
resource_importer.cpp
resource_importer_bm_font.cpp
render_scene_buffers_rd.cpp
rendering_device.cpp
resource_importer_bit_map.cpp
rendering_server.cpp
resource_importer_csv_translation.cpp
resource_importer_dynamic_font.cpp
resource_importer_image.cpp
resource_importer_image_font.cpp
resource_importer_mp3.cpp
resource_importer_layered_texture.cpp
resource_importer_scene.cpp
resource_importer_ogg_vorbis.cpp
resource_importer_texture_atlas.cpp
resource_importer_obj.cpp
resource_importer_shader_file.cpp
resource_importer_texture.cpp
resource_importer_wav.cpp
resource_loader.cpp
resource_preloader.cpp
resource_saver.cpp
ribbon_trail_mesh.cpp
rich_text_effect.cpp
resource_uid.cpp
scene_state.cpp
scene_multiplayer.cpp
root_motion_view.cpp
scene_replication_config.cpp
rigid_body3d.cpp
rigid_body2d.cpp
rich_text_label.cpp
scene_tree_timer.cpp
scene_tree.cpp
script.cpp
script_create_dialog.cpp
script_extension.cpp
script_language.cpp
script_editor.cpp
cpp
script_language_extension.cpp
separation_ray_shape2d.cpp
segment_shape2d.cpp
separation_ray_shape3d.cpp
semaphore.cpp
shader.cpp
scroll_container.cpp
scroll_bar.cpp
separator.cpp
shader_globals_override.cpp
shader_include.cpp
shader_material.cpp
shape2d.cpp
shape3d.cpp
shape_cast2d.cpp
shortcut.cpp
shape_cast3d.cpp
skeleton2d.cpp
skeleton_modification2d.cpp
skeleton3d.cpp
skeleton_modification2dccdik.cpp
skeleton_modification2dfabrik.cpp
skeleton_modification2d_jiggle.cpp
skeleton_modification2d_look_at.cpp
skeleton_modification2d_physical_bones.cpp
skeleton_modification2d_two_bone_ik.cpp
skeleton_modification2d_stack_holder.cpp
skeleton_modifier3d.cpp
skeleton_modification_stack2d.cpp
skeleton_profile_humanoid.cpp
skeleton_profile.cpp
skin_reference.cpp
skin.cpp
sky.cpp
slider_joint3d.cpp
slider.cpp
sphere_mesh.cpp
soft_body3d.cpp
sphere_occluder3d.cpp
sphere_shape3d.cpp
spin_box.cpp
spring_arm3d.cpp
spot_light3d.cpp
split_container.cpp
sprite2d.cpp
standard_material3d.cpp
sprite_frames.cpp
sprite3d.cpp
status_indicator.cpp
sprite_base3d.cpp
static_body2d.cpp
static_body3d.cpp
stream_peer.cpp
stream_peer_buffer.cpp
stream_peer_extension.cpp
stream_peer_gzip.cpp
stream_peer_tcp.cpp
stream_peer_tls.cpp
style_box.cpp
style_box_empty.cpp
style_box_flat.cpp
style_box_line.cpp
style_box_texture.cpp
sub_viewport.cpp
sub_viewport_container.cpp
surface_tool.cpp
system_font.cpp
syntax_highlighter.cpp
tls_options.cpp
tcp_server.cpp
tab_bar.cpp
tab_container.cpp
text_line.cpp
text_server_advanced.cpp
text_paragraph.cpp
text_mesh.cpp
text_server_dummy.cpp
texture.cpp
text_server_extension.cpp
text_edit.cpp
texture2d.cpp
text_server_manager.cpp
text_server.cpp
texture2d_array.cpp
texture2d_array_rd.cpp
texture2drd.cpp
texture_cubemap_array_rd.cpp
texture3drd.cpp
texture3d.cpp
texture_cubemap_rd.cpp
texture_button.cpp
texture_layered.cpp
texture_layered_rd.cpp
thread.cpp
texture_rect.cpp
theme_db.cpp
texture_progress_bar.cpp
theme.cpp
tile_data.cpp
tile_map.cpp
tile_map_pattern.cpp
tile_map_layer.cpp
tile_set_atlas_source.cpp
tile_set.cpp
tile_set_source.cpp
tile_set_scenes_collection_source.cpp
timer.cpp
time.cpp
translation.cpp
touch_screen_button.cpp
torus_mesh.cpp
translation_server.cpp
triangle_mesh.cpp
tree.cpp
tree_item.cpp
tween.cpp
tweener.cpp
udp_server.cpp
tube_trail_mesh.cpp
upnp_device.cpp
upnp.cpp
undo_redo.cpp
uniform_set_cache_rd.cpp
v_box_container.cpp
v_flow_container.cpp
v_separator.cpp
v_scroll_bar.cpp
v_split_container.cpp
v_slider.cpp
vehicle_body3d.cpp
vehicle_wheel3d.cpp
video_stream.cpp
video_stream_playback.cpp
video_stream_player.cpp
video_stream_theora.cpp
viewport_texture.cpp
visible_on_screen_enabler3d.cpp
viewport.cpp
visible_on_screen_notifier3d.cpp
visible_on_screen_notifier2d.cpp
visual_instance3d.cpp
visual_shader.cpp
visual_shader_node_billboard.cpp
visible_on_screen_enabler2d.cpp
visual_shader_node.cpp
visual_shader_node_clamp.cpp
visual_shader_node_boolean_constant.cpp
visual_shader_node_boolean_parameter.cpp
visual_shader_node_color_func.cpp
visual_shader_node_color_constant.cpp
visual_shader_node_color_op.cpp
visual_shader_node_color_parameter.cpp
visual_shader_node_comment.cpp
visual_shader_node_compare.cpp
visual_shader_node_constant.cpp
visual_shader_node_cubemap_parameter.cpp
visual_shader_node_cubemap.cpp
visual_shader_node_curve_texture.cpp
visual_shader_node_curve_xyz_texture.cpp
visual_shader_node_custom.cpp
visual_shader_node_derivative_func.cpp
visual_shader_node_determinant.cpp
visual_shader_node_distance_fade.cpp
visual_shader_node_dot_product.cpp
visual_shader_node_expression.cpp
visual_shader_node_face_forward.cpp
visual_shader_node_float_constant.cpp
visual_shader_node_float_func.cpp
visual_shader_node_float_parameter.cpp
visual_shader_node_fresnel.cpp
visual_shader_node_float_op.cpp
visual_shader_node_frame.cpp
visual_shader_node_global_expression.cpp
visual_shader_node_group_base.cpp
visual_shader_node_if.cpp
visual_shader_node_input.cpp
visual_shader_node_int_constant.cpp
visual_shader_node_int_op.cpp
visual_shader_node_int_func.cpp
visual_shader_node_int_parameter.cpp
visual_shader_node_is.cpp
visual_shader_node_multiply_add.cpp
visual_shader_node_mix.cpp
visual_shader_node_linear_scene_depth.cpp
visual_shader_node_outer_product.cpp
visual_shader_node_output.cpp
visual_shader_node_parameter.cpp
visual_shader_node_parameter_ref.cpp
visual_shader_node_particle_accelerator.cpp
visual_shader_node_particle_box_emitter.cpp
visual_shader_node_particle_emit.cpp
visual_shader_node_particle_cone_velocity.cpp
visual_shader_node_particle_emitter.cpp
visual_shader_node_particle_mesh_emitter.cpp
visual_shader_node_particle_multiply_by_axis_angle.cpp
visual_shader_node_particle_randomness.cpp
visual_shader_node_particle_output.cpp
visual_shader_node_particle_ring_emitter.cpp
visual_shader_node_particle_sphere_emitter.cpp
visual_shader_node_proximity_fade.cpp
visual_shader_node_random_range.cpp
visual_shader_node_reroute.cpp
visual_shader_node_remap.cpp
visual_shader_node_resizable_base.cpp
visual_shader_node_rotation_by_axis.cpp
visual_shader_node_sdf_raymarch.cpp
visual_shader_node_sdf_to_screen_uv.cpp
visual_shader_node_sample3d.cpp
visual_shader_node_screen_normal_world_space.cpp
visual_shader_node_screen_uv_to_sdf.cpp
visual_shader_node_switch.cpp
visual_shader_node_step.cpp
visual_shader_node_smooth_step.cpp
visual_shader_node_texture.cpp
visual_shader_node_texture2d_array_parameter.cpp
visual_shader_node_texture2d_array.cpp
visual_shader_node_texture2d_parameter.cpp
visual_shader_node_texture3d.cpp
visual_shader_node_texture3d_parameter.cpp
visual_shader_node_texture_parameter.cpp
visual_shader_node_texture_sdf.cpp
visual_shader_node_texture_sdf_normal.cpp
visual_shader_node_texture_parameter_triplanar.cpp
visual_shader_node_transform_compose.cpp
visual_shader_node_transform_constant.cpp
visual_shader_node_transform_decompose.cpp
visual_shader_node_transform_parameter.cpp
visual_shader_node_transform_func.cpp
visual_shader_node_transform_op.cpp
visual_shader_node_transform_vec_mult.cpp
visual_shader_node_u_int_constant.cpp
visual_shader_node_u_int_func.cpp
visual_shader_node_u_int_op.cpp
visual_shader_node_uv_func.cpp
visual_shader_node_u_int_parameter.cpp
visual_shader_node_uv_polar_coord.cpp
visual_shader_node_varying_getter.cpp
visual_shader_node_varying.cpp
visual_shader_node_varying_setter.cpp
visual_shader_node_vec2_constant.cpp
visual_shader_node_vec3_constant.cpp
visual_shader_node_vec2_parameter.cpp
visual_shader_node_vec3_parameter.cpp
visual_shader_node_vec4_constant.cpp
visual_shader_node_vec4_parameter.cpp
visual_shader_node_vector_base.cpp
visual_shader_node_vector_compose.cpp
visual_shader_node_vector_decompose.cpp
visual_shader_node_vector_distance.cpp
visual_shader_node_vector_func.cpp
visual_shader_node_vector_len.cpp
visual_shader_node_vector_op.cpp
visual_shader_node_vector_refract.cpp
visual_shader_node_world_position_from_depth.cpp
voxel_gi.cpp
voxel_gi_data.cpp
weak_ref.cpp
web_rtc_data_channel.cpp
web_rtc_data_channel_extension.cpp
web_rtc_multiplayer_peer.cpp
web_rtc_peer_connection.cpp
web_rtc_peer_connection_extension.cpp
web_socket_multiplayer_peer.cpp
web_socket_peer.cpp
web_xr_interface.cpp
world2d.cpp
worker_thread_pool.cpp
world3d.cpp
world_boundary_shape2d.cpp
window.cpp
world_boundary_shape3d.cpp
x509_certificate.cpp
world_environment.cpp
xml_parser.cpp
xr_body_modifier3d.cpp
xr_anchor3d.cpp
xr_body_tracker.cpp
xr_camera3d.cpp
xr_controller_tracker.cpp
xr_controller3d.cpp
xr_face_tracker.cpp
xr_face_modifier3d.cpp
xr_hand_modifier3d.cpp
xr_hand_tracker.cpp
xr_interface.cpp
xr_interface_extension.cpp
xr_origin3d.cpp
xr_node3d.cpp
xr_pose.cpp
xr_positional_tracker.cpp
xr_server.cpp
xrvrs.cpp
xr_tracker.cpp
utility_functions.cpp
zip_reader.cpp
zip_packer.cpp
my_singleton.cpp
my_node.cpp
register_types.cpp
ww_bank.cpp
ww_event2d.cpp
ww_environment.cpp
ww_event.cpp
ww_listener2d.cpp
ww_listener.cpp
ww_state.cpp
ww_switch.cpp
   Bibliothek "project\addons\example\bin\libexample.windows.debug.x86_64.lib" und Objekt "project\addons\example\bin\libexample.windows.debug.x86_64.exp" werden erstellt.
memory.cpp
error_macros.cpp
editor_plugin_registration.cpp
aabb.cpp
packed_arrays.cpp
color.cpp
callable_custom.cpp
basis.cpp
char_string.cpp
callable_method_pointer.cpp
quaternion.cpp
plane.cpp
rect2.cpp
rect2i.cpp
projection.cpp
transform2d.cpp
method_bind.cpp
transform3d.cpp
vector2.cpp
godot.cpp
low_level.cpp
vector2i.cpp
wrapped.cpp
vector3.cpp
vector3i.cpp
object.cpp
vector4.cpp
vector4i.cpp
class_db.cpp
node_path.cpp
variant.cpp
callable.cpp
rid.cpp
string.cpp
signal.cpp
dictionary.cpp
array.cpp
packed_int32_array.cpp
packed_byte_array.cpp
packed_int64_array.cpp
packed_float32_array.cpp
packed_float64_array.cpp
packed_string_array.cpp
packed_vector2_array.cpp
packed_color_array.cpp
packed_vector3_array.cpp
packed_vector4_array.cpp
string_name.cpp
aes_context.cpp
a_star2d.cpp
a_star3d.cpp
a_star_grid2d.cpp
animatable_body3d.cpp
animatable_body2d.cpp
accept_dialog.cpp
animated_sprite3d.cpp
animated_sprite2d.cpp
animated_texture.cpp
animation.cpp
animation_node.cpp
animation_library.cpp
animation_mixer.cpp
animation_node_add2.cpp
animation_node_add3.cpp
animation_node_blend2.cpp
animation_node_animation.cpp
animation_node_blend3.cpp
animation_node_blend_space1_d.cpp
animation_node_blend_space2d.cpp
animation_node_blend_tree.cpp
animation_node_output.cpp
animation_node_one_shot.cpp
animation_node_state_machine.cpp
animation_node_state_machine_playback.cpp
animation_node_state_machine_transition.cpp
animation_node_sub2.cpp
animation_node_sync.cpp
animation_node_time_scale.cpp
animation_node_time_seek.cpp
animation_node_transition.cpp
animation_player.cpp
animation_root_node.cpp
animation_tree.cpp
array_occluder3d.cpp
array_mesh.cpp
area3d.cpp
area2d.cpp
atlas_texture.cpp
aspect_ratio_container.cpp
audio_bus_layout.cpp
audio_effect.cpp
audio_effect_amplify.cpp
audio_effect_band_limit_filter.cpp
audio_effect_band_pass_filter.cpp
audio_effect_capture.cpp
audio_effect_chorus.cpp
audio_effect_compressor.cpp
audio_effect_delay.cpp
audio_effect_distortion.cpp
audio_effect_eq10.cpp
audio_effect_eq21.cpp
audio_effect_eq.cpp
audio_effect_eq6.cpp
audio_effect_filter.cpp
audio_effect_hard_limiter.cpp
audio_effect_instance.cpp
audio_effect_high_shelf_filter.cpp
audio_effect_high_pass_filter.cpp
audio_effect_low_pass_filter.cpp
audio_effect_limiter.cpp
audio_effect_notch_filter.cpp
audio_effect_low_shelf_filter.cpp
audio_effect_phaser.cpp
audio_effect_panner.cpp
audio_effect_record.cpp
audio_effect_pitch_shift.cpp
audio_effect_reverb.cpp
audio_effect_stereo_enhance.cpp
audio_effect_spectrum_analyzer.cpp
audio_effect_spectrum_analyzer_instance.cpp
audio_sample.cpp
audio_listener3d.cpp
audio_listener2d.cpp
audio_stream.cpp
audio_sample_playback.cpp
audio_stream_generator.cpp
audio_server.cpp
audio_stream_microphone.cpp
audio_stream_generator_playback.cpp
audio_stream_mp3.cpp
audio_stream_interactive.cpp
audio_stream_ogg_vorbis.cpp
audio_stream_playback_interactive.cpp
audio_stream_playback_resampled.cpp
audio_stream_playback.cpp
audio_stream_playback_playlist.cpp
audio_stream_playback_polyphonic.cpp
audio_stream_playback_ogg_vorbis.cpp
audio_stream_playback_synchronized.cpp
audio_stream_player.cpp
audio_stream_player2d.cpp
audio_stream_player3d.cpp
audio_stream_randomizer.cpp
audio_stream_polyphonic.cpp
audio_stream_playlist.cpp
audio_stream_synchronized.cpp
audio_stream_wav.cpp
back_buffer_copy.cpp
bone_attachment3d.cpp
bone2d.cpp
base_button.cpp
bit_map.cpp
base_material3d.cpp
bone_map.cpp
box_mesh.cpp
box_occluder3d.cpp
box_container.cpp
box_shape3d.cpp
button_group.cpp
button.cpp
cpu_particles2d.cpp
cpu_particles3d.cpp
csg_combiner3d.cpp
csg_box3d.cpp
csg_cylinder3d.cpp
csg_mesh3d.cpp
csg_primitive3d.cpp
csg_polygon3d.cpp
csg_shape3d.cpp
csg_sphere3d.cpp
callback_tweener.cpp
csg_torus3d.cpp
camera_attributes.cpp
camera2d.cpp
camera_attributes_practical.cpp
camera3d.cpp
camera_attributes_physical.cpp
camera_feed.cpp
camera_server.cpp
camera_texture.cpp
canvas_group.cpp
canvas_item_material.cpp
canvas_item.cpp
canvas_layer.cpp
canvas_modulate.cpp
capsule_shape2d.cpp
canvas_texture.cpp
capsule_mesh.cpp
capsule_shape3d.cpp
char_fx_transform.cpp
center_container.cpp
character_body2d.cpp
character_body3d.cpp
check_button.cpp
check_box.cpp
circle_shape2d.cpp
class_db_singleton.cpp
code_edit.cpp
code_highlighter.cpp
collision_polygon3d.cpp
collision_object3d.cpp
collision_object2d.cpp
collision_polygon2d.cpp
collision_shape2d.cpp
collision_shape3d.cpp
color_picker.cpp
compositor.cpp
compositor_effect.cpp
color_picker_button.cpp
color_rect.cpp
compressed_cubemap.cpp
compressed_cubemap_array.cpp
compressed_texture2d.cpp
compressed_texture3d.cpp
compressed_texture2d_array.cpp
compressed_texture_layered.cpp
concave_polygon_shape3d.cpp
concave_polygon_shape2d.cpp
cone_twist_joint3d.cpp
config_file.cpp
convex_polygon_shape2d.cpp
container.cpp
confirmation_dialog.cpp
convex_polygon_shape3d.cpp
control.cpp
crypto.cpp
crypto_key.cpp
cubemap.cpp
cubemap_array.cpp
curve.cpp
curve2d.cpp
curve3d.cpp
curve_texture.cpp
curve_xyz_texture.cpp
cylinder_shape3d.cpp
cylinder_mesh.cpp
dtls_server.cpp
damped_spring_joint2d.cpp
dir_access.cpp
decal.cpp
directional_light2d.cpp
directional_light3d.cpp
e_net_connection.cpp
e_net_multiplayer_peer.cpp
e_net_packet_peer.cpp
editor_command_palette.cpp
editor_debugger_plugin.cpp
display_server.cpp
editor_debugger_session.cpp
editor_export_platform.cpp
editor_export_platform_android.cpp
editor_export_platform_ios.cpp
editor_export_platform_mac_os.cpp
editor_export_platform_linux_bsd.cpp
editor_export_platform_pc.cpp
editor_export_platform_web.cpp
editor_export_platform_windows.cpp
editor_feature_profile.cpp
editor_export_plugin.cpp
editor_file_system.cpp
editor_file_system_directory.cpp
editor_file_system_import_format_support_query.cpp
editor_file_dialog.cpp
editor_import_plugin.cpp
editor_inspector.cpp
editor_inspector_plugin.cpp
editor_paths.cpp
editor_node3d_gizmo_plugin.cpp
editor_node3d_gizmo.cpp
editor_interface.cpp
editor_property.cpp
editor_plugin.cpp
editor_resource_conversion_plugin.cpp
editor_resource_preview.cpp
editor_resource_preview_generator.cpp
editor_scene_format_importer.cpp
editor_scene_format_importer_blend.cpp
editor_resource_picker.cpp
editor_resource_tooltip_plugin.cpp
editor_scene_format_importer_fbx2_gltf.cpp
editor_scene_format_importer_gltf.cpp
editor_scene_format_importer_ufbx.cpp
editor_scene_post_import.cpp
editor_scene_post_import_plugin.cpp
editor_script.cpp
editor_selection.cpp
editor_script_picker.cpp
editor_settings.cpp
editor_syntax_highlighter.cpp
editor_translation_parser_plugin.cpp
editor_vcs_interface.cpp
editor_spin_slider.cpp
editor_undo_redo_manager.cpp
encoded_object_as_id.cpp
engine.cpp
engine_debugger.cpp
engine_profiler.cpp
expression.cpp
fbx_document.cpp
environment.cpp
fbx_state.cpp
fast_noise_lite.cpp
file_access.cpp
file_system_dock.cpp
fog_material.cpp
flow_container.cpp
file_dialog.cpp
font.cpp
fog_volume.cpp
font_variation.cpp
font_file.cpp
framebuffer_cache_rd.cpp
gd_extension.cpp
gd_extension_manager.cpp
gd_script.cpp
gltf_accessor.cpp
gltf_animation.cpp
gltf_buffer_view.cpp
gltf_camera.cpp
gltf_document.cpp
gltf_document_extension_convert_importer_mesh.cpp
gltf_document_extension.cpp
gltf_light.cpp
gltf_node.cpp
gltf_mesh.cpp
gltf_physics_body.cpp
gltf_physics_shape.cpp
gltf_skin.cpp
gltf_skeleton.cpp
gltf_spec_gloss.cpp
gltf_texture.cpp
gltf_texture_sampler.cpp
gltf_state.cpp
gpu_particles_attractor3d.cpp
gpu_particles3d.cpp
gpu_particles_attractor_box3d.cpp
gpu_particles_attractor_sphere3d.cpp
gpu_particles2d.cpp
gpu_particles_attractor_vector_field3d.cpp
gpu_particles_collision3d.cpp
gpu_particles_collision_box3d.cpp
gpu_particles_collision_height_field3d.cpp
gpu_particles_collision_sdf3d.cpp
gpu_particles_collision_sphere3d.cpp
generic6_dof_joint3d.cpp
geometry2d.cpp
geometry3d.cpp
geometry_instance3d.cpp
gradient.cpp
gradient_texture1_d.cpp
gradient_texture2d.cpp
graph_element.cpp
graph_edit.cpp
graph_frame.cpp
graph_node.cpp
grid_container.cpp
grid_map.cpp
groove_joint2d.cpp
h_box_container.cpp
h_flow_container.cpp
hmac_context.cpp
h_scroll_bar.cpp
h_separator.cpp
h_slider.cpp
http_client.cpp
h_split_container.cpp
height_map_shape3d.cpp
hashing_context.cpp
http_request.cpp
hinge_joint3d.cpp
image.cpp
ip.cpp
image_format_loader.cpp
image_format_loader_extension.cpp
image_texture.cpp
image_texture3d.cpp
image_texture_layered.cpp
immediate_mesh.cpp
importer_mesh.cpp
importer_mesh_instance3d.cpp
input.cpp
input_event_action.cpp
input_event.cpp
input_event_from_window.cpp
input_event_gesture.cpp
input_event_joypad_motion.cpp
input_event_joypad_button.cpp
input_event_key.cpp
input_event_midi.cpp
input_event_magnify_gesture.cpp
input_event_mouse.cpp
input_event_mouse_button.cpp
input_event_mouse_motion.cpp
input_event_screen_drag.cpp
input_event_pan_gesture.cpp
input_event_screen_touch.cpp
input_event_shortcut.cpp
input_event_with_modifiers.cpp
instance_placeholder.cpp
input_map.cpp
jni_singleton.cpp
interval_tweener.cpp
json.cpp
jsonrpc.cpp
item_list.cpp
java_class.cpp
java_script_bridge.cpp
java_class_wrapper.cpp
joint3d.cpp
java_script_object.cpp
kinematic_collision2d.cpp
joint2d.cpp
kinematic_collision3d.cpp
label.cpp
label_settings.cpp
label3d.cpp
light2d.cpp
light_occluder2d.cpp
light3d.cpp
lightmap_gi.cpp
lightmap_gi_data.cpp
lightmapper.cpp
lightmap_probe.cpp
lightmapper_rd.cpp
main_loop.cpp
link_button.cpp
line2d.cpp
line_edit.cpp
marker3d.cpp
marker2d.cpp
margin_container.cpp
marshalls.cpp
material.cpp
menu_bar.cpp
menu_button.cpp
mesh_convex_decomposition_settings.cpp
mesh.cpp
mesh_data_tool.cpp
mesh_instance2d.cpp
mesh_texture.cpp
mesh_library.cpp
method_tweener.cpp
mesh_instance3d.cpp
missing_node.cpp
missing_resource.cpp
mobile_vr_interface.cpp
movie_writer.cpp
multi_mesh.cpp
multi_mesh_instance2d.cpp
multi_mesh_instance3d.cpp
multiplayer_api.cpp
multiplayer_peer.cpp
multiplayer_api_extension.cpp
multiplayer_peer_extension.cpp
multiplayer_spawner.cpp
mutex.cpp
multiplayer_synchronizer.cpp
native_menu.cpp
navigation_agent2d.cpp
navigation_link3d.cpp
navigation_link2d.cpp
navigation_mesh.cpp
navigation_mesh_source_geometry_data2d.cpp
navigation_mesh_generator.cpp
navigation_mesh_source_geometry_data3d.cpp
navigation_obstacle3d.cpp
navigation_obstacle2d.cpp
navigation_path_query_parameters2d.cpp
navigation_path_query_result2d.cpp
navigation_path_query_result3d.cpp
navigation_path_query_parameters3d.cpp
navigation_polygon.cpp
navigation_region3d.cpp
nine_patch_rect.cpp
navigation_region2d.cpp
navigation_server2d.cpp
navigation_server3d.cpp
node3d_gizmo.cpp
node2d.cpp
node.cpp
node3d.cpp
noise.cpp
noise_texture2d.cpp
noise_texture3d.cpp
os.cpp
object.cpp
occluder3d.cpp
occluder_polygon2d.cpp
offline_multiplayer_peer.cpp
ogg_packet_sequence.cpp
occluder_instance3d.cpp
ogg_packet_sequence_playback.cpp
open_xrapi_extension.cpp
omni_light3d.cpp
open_xr_action.cpp
open_xr_action_map.cpp
open_xr_composition_layer_cylinder.cpp
open_xr_action_set.cpp
open_xr_composition_layer_equirect.cpp
open_xr_composition_layer.cpp
open_xr_composition_layer_quad.cpp
open_xr_extension_wrapper_extension.cpp
open_xrip_binding.cpp
open_xr_interaction_profile.cpp
open_xr_hand.cpp
open_xr_interaction_profile_metadata.cpp
open_xr_interface.cpp
optimized_translation.cpp
option_button.cpp
packed_data_container.cpp
packed_scene.cpp
packet_peer.cpp
packed_data_container_ref.cpp
packet_peer_extension.cpp
packet_peer_dtls.cpp
packet_peer_stream.cpp
packet_peer_udp.cpp
panorama_sky_material.cpp
panel.cpp
panel_container.cpp
parallax2d.cpp
parallax_background.cpp
parallax_layer.cpp
path2d.cpp
path_follow3d.cpp
path3d.cpp
particle_process_material.cpp
performance.cpp
path_follow2d.cpp
physical_bone2d.cpp
physical_bone_simulator3d.cpp
physical_bone3d.cpp
physical_sky_material.cpp
physics_body3d.cpp
physics_body2d.cpp
physics_direct_body_state2d.cpp
physics_direct_body_state2d_extension.cpp
physics_direct_body_state3d.cpp
physics_direct_body_state3d_extension.cpp
physics_direct_space_state3d.cpp
physics_direct_space_state2d_extension.cpp
physics_direct_space_state2d.cpp
physics_direct_space_state3d_extension.cpp
physics_material.cpp
physics_point_query_parameters2d.cpp
physics_ray_query_parameters3d.cpp
physics_ray_query_parameters2d.cpp
physics_point_query_parameters3d.cpp
physics_server2d_extension.cpp
physics_server2d.cpp
physics_server2d_manager.cpp
physics_server3d_extension.cpp
physics_server3d.cpp
physics_server3d_rendering_server_handler.cpp
physics_shape_query_parameters3d.cpp
physics_shape_query_parameters2d.cpp
physics_server3d_manager.cpp
physics_test_motion_result2d.cpp
physics_test_motion_parameters3d.cpp
physics_test_motion_parameters2d.cpp
physics_test_motion_result3d.cpp
pin_joint3d.cpp
pin_joint2d.cpp
placeholder_cubemap.cpp
placeholder_cubemap_array.cpp
placeholder_material.cpp
placeholder_mesh.cpp
placeholder_texture2d.cpp
placeholder_texture2d_array.cpp
placeholder_texture_layered.cpp
placeholder_texture3d.cpp
plane_mesh.cpp
point_mesh.cpp
point_light2d.cpp
polygon2d.cpp
polygon_occluder3d.cpp
polygon_path_finder.cpp
popup.cpp
popup_panel.cpp
popup_menu.cpp
portable_compressed_texture2d.cpp
primitive_mesh.cpp
prism_mesh.cpp
procedural_sky_material.cpp
quad_mesh.cpp
property_tweener.cpp
progress_bar.cpp
quad_occluder3d.cpp
project_settings.cpp
rd_attachment_format.cpp
rd_framebuffer_pass.cpp
rd_pipeline_color_blend_state.cpp
rd_pipeline_color_blend_state_attachment.cpp
rd_pipeline_depth_stencil_state.cpp
rd_pipeline_multisample_state.cpp
rd_pipeline_specialization_constant.cpp
rd_pipeline_rasterization_state.cpp
rd_sampler_state.cpp
rd_shader_file.cpp
rd_shader_spirv.cpp
rd_shader_source.cpp
rd_uniform.cpp
rd_texture_format.cpp
rd_texture_view.cpp
rd_vertex_attribute.cpp
random_number_generator.cpp
range.cpp
ray_cast2d.cpp
ray_cast3d.cpp
rectangle_shape2d.cpp
ref_counted.cpp
reference_rect.cpp
reg_ex.cpp
reflection_probe.cpp
reg_ex_match.cpp
render_data.cpp
remote_transform3d.cpp
remote_transform2d.cpp
render_data_extension.cpp
render_data_rd.cpp
render_scene_buffers.cpp
render_scene_buffers_configuration.cpp
render_scene_buffers_extension.cpp
render_scene_data_extension.cpp
render_scene_data.cpp
render_scene_buffers_rd.cpp
render_scene_data_rd.cpp
resource.cpp
resource_format_loader.cpp
resource_importer_bm_font.cpp
resource_format_saver.cpp
resource_importer.cpp
resource_importer_bit_map.cpp
rendering_device.cpp
resource_importer_csv_translation.cpp
rendering_server.cpp
resource_importer_layered_texture.cpp
resource_importer_dynamic_font.cpp
resource_importer_image_font.cpp
resource_importer_mp3.cpp
resource_importer_obj.cpp
resource_importer_image.cpp
resource_importer_ogg_vorbis.cpp
resource_importer_scene.cpp
resource_importer_texture.cpp
pp
resource_importer_texture_atlas.cpp
resource_importer_wav.cpp
resource_loader.cpp
resource_preloader.cpp
resource_saver.cpp
resource_uid.cpp
ribbon_trail_mesh.cpp
rich_text_effect.cpp
rigid_body3d.cpp
rigid_body2d.cpp
root_motion_view.cpp
scene_replication_config.cpp
rich_text_label.cpp
scene_state.cpp
scene_multiplayer.cpp
scene_tree_timer.cpp
scene_tree.cpp
script.cpp
script_create_dialog.cpp
script_extension.cpp
script_language.cpp
script_editor.cpp
script_editor_base.cpp
script_language_extension.cpp
scroll_bar.cpp
semaphore.cpp
scroll_container.cpp
segment_shape2d.cpp
separation_ray_shape2d.cpp
separation_ray_shape3d.cpp
separator.cpp
shader_globals_override.cpp
shader.cpp
shader_material.cpp
shader_include.cpp
shape3d.cpp
shape2d.cpp
shape_cast2d.cpp
shortcut.cpp
shape_cast3d.cpp
skeleton3d.cpp
skeleton_modification2dccdik.cpp
skeleton_modification2d.cpp
skeleton2d.cpp
skeleton_modification2dfabrik.cpp
skeleton_ik3d.cpp
skeleton_modification2d_jiggle.cpp
skeleton_modification2d_look_at.cpp
skeleton_modification2d_physical_bones.cpp
skeleton_modification2d_two_bone_ik.cpp
skeleton_modification2d_stack_holder.cpp
skeleton_modification_stack2d.cpp
skeleton_modifier3d.cpp
skeleton_profile.cpp
skeleton_profile_humanoid.cpp
skin.cpp
sky.cpp
skin_reference.cpp
slider_joint3d.cpp
slider.cpp
soft_body3d.cpp
sphere_mesh.cpp
sphere_occluder3d.cpp
sphere_shape3d.cpp
split_container.cpp
spot_light3d.cpp
spin_box.cpp
spring_arm3d.cpp
sprite3d.cpp
sprite2d.cpp
standard_material3d.cpp
sprite_frames.cpp
sprite_base3d.cpp
static_body2d.cpp
static_body3d.cpp
status_indicator.cpp
stream_peer.cpp
stream_peer_buffer.cpp
stream_peer_extension.cpp
stream_peer_gzip.cpp
stream_peer_tcp.cpp
stream_peer_tls.cpp
style_box.cpp
style_box_empty.cpp
style_box_texture.cpp
style_box_line.cpp
style_box_flat.cpp
sub_viewport.cpp
sub_viewport_container.cpp
syntax_highlighter.cpp
surface_tool.cpp
system_font.cpp
tcp_server.cpp
tls_options.cpp
tab_bar.cpp
tab_container.cpp
text_line.cpp
text_edit.cpp
text_paragraph.cpp
text_mesh.cpp
text_server_advanced.cpp
text_server_dummy.cpp
texture.cpp
text_server_extension.cpp
text_server.cpp
texture2d.cpp
texture2d_array.cpp
text_server_manager.cpp
texture2d_array_rd.cpp
texture2drd.cpp
texture3d.cpp
texture3drd.cpp
texture_cubemap_rd.cpp
texture_cubemap_array_rd.cpp
texture_layered.cpp
texture_button.cpp
texture_layered_rd.cpp
thread.cpp
texture_rect.cpp
texture_progress_bar.cpp
tile_data.cpp
theme.cpp
theme_db.cpp
tile_map.cpp
tile_map_layer.cpp
tile_map_pattern.cpp
tile_set.cpp
tile_set_source.cpp
tile_set_scenes_collection_source.cpp
tile_set_atlas_source.cpp
time.cpp
timer.cpp
torus_mesh.cpp
translation_server.cpp
translation.cpp
touch_screen_button.cpp
tree.cpp
tree_item.cpp
triangle_mesh.cpp
tube_trail_mesh.cpp
udp_server.cpp
tweener.cpp
upnp.cpp
tween.cpp
upnp_device.cpp
undo_redo.cpp
uniform_set_cache_rd.cpp
v_box_container.cpp
v_flow_container.cpp
v_separator.cpp
v_scroll_bar.cpp
v_slider.cpp
v_split_container.cpp
vehicle_body3d.cpp
vehicle_wheel3d.cpp
video_stream.cpp
video_stream_playback.cpp
video_stream_theora.cpp
viewport_texture.cpp
video_stream_player.cpp
visible_on_screen_enabler2d.cpp
viewport.cpp
visible_on_screen_enabler3d.cpp
visible_on_screen_notifier3d.cpp
visible_on_screen_notifier2d.cpp
visual_instance3d.cpp
visual_shader_node.cpp
visual_shader.cpp
visual_shader_node_billboard.cpp
visual_shader_node_boolean_constant.cpp
visual_shader_node_color_constant.cpp
visual_shader_node_boolean_parameter.cpp
visual_shader_node_clamp.cpp
visual_shader_node_color_func.cpp
visual_shader_node_color_op.cpp
visual_shader_node_color_parameter.cpp
visual_shader_node_comment.cpp
visual_shader_node_compare.cpp
visual_shader_node_constant.cpp
visual_shader_node_cubemap_parameter.cpp
visual_shader_node_cubemap.cpp
visual_shader_node_curve_xyz_texture.cpp
visual_shader_node_curve_texture.cpp
visual_shader_node_custom.cpp
visual_shader_node_derivative_func.cpp
visual_shader_node_determinant.cpp
visual_shader_node_distance_fade.cpp
visual_shader_node_dot_product.cpp
visual_shader_node_expression.cpp
visual_shader_node_face_forward.cpp
visual_shader_node_float_constant.cpp
visual_shader_node_float_func.cpp
visual_shader_node_float_op.cpp
visual_shader_node_float_parameter.cpp
visual_shader_node_frame.cpp
visual_shader_node_fresnel.cpp
visual_shader_node_global_expression.cpp
visual_shader_node_group_base.cpp
visual_shader_node_if.cpp
visual_shader_node_input.cpp
visual_shader_node_int_constant.cpp
visual_shader_node_int_func.cpp
visual_shader_node_int_op.cpp
visual_shader_node_is.cpp
visual_shader_node_int_parameter.cpp
visual_shader_node_linear_scene_depth.cpp
visual_shader_node_mix.cpp
visual_shader_node_outer_product.cpp
visual_shader_node_multiply_add.cpp
visual_shader_node_output.cpp
visual_shader_node_parameter.cpp
visual_shader_node_parameter_ref.cpp
visual_shader_node_particle_accelerator.cpp
visual_shader_node_particle_box_emitter.cpp
visual_shader_node_particle_cone_velocity.cpp
visual_shader_node_particle_emitter.cpp
visual_shader_node_particle_emit.cpp
visual_shader_node_particle_mesh_emitter.cpp
visual_shader_node_particle_output.cpp
visual_shader_node_particle_multiply_by_axis_angle.cpp
visual_shader_node_particle_randomness.cpp
visual_shader_node_particle_ring_emitter.cpp
visual_shader_node_particle_sphere_emitter.cpp
visual_shader_node_proximity_fade.cpp
visual_shader_node_random_range.cpp
visual_shader_node_remap.cpp
visual_shader_node_reroute.cpp
visual_shader_node_resizable_base.cpp
visual_shader_node_rotation_by_axis.cpp
visual_shader_node_sdf_raymarch.cpp
visual_shader_node_sdf_to_screen_uv.cpp
visual_shader_node_sample3d.cpp
visual_shader_node_screen_normal_world_space.cpp
visual_shader_node_screen_uv_to_sdf.cpp
visual_shader_node_smooth_step.cpp
visual_shader_node_switch.cpp
visual_shader_node_step.cpp
visual_shader_node_texture.cpp
visual_shader_node_texture2d_array_parameter.cpp
visual_shader_node_texture2d_array.cpp
visual_shader_node_texture2d_parameter.cpp
visual_shader_node_texture3d_parameter.cpp
visual_shader_node_texture3d.cpp
visual_shader_node_texture_parameter.cpp
visual_shader_node_texture_parameter_triplanar.cpp
visual_shader_node_texture_sdf.cpp
visual_shader_node_texture_sdf_normal.cpp
visual_shader_node_transform_compose.cpp
visual_shader_node_transform_constant.cpp
visual_shader_node_transform_decompose.cpp
visual_shader_node_transform_op.cpp
visual_shader_node_transform_func.cpp
visual_shader_node_transform_parameter.cpp
visual_shader_node_u_int_constant.cpp
visual_shader_node_u_int_func.cpp
visual_shader_node_transform_vec_mult.cpp
visual_shader_node_u_int_parameter.cpp
visual_shader_node_u_int_op.cpp
visual_shader_node_uv_func.cpp
visual_shader_node_uv_polar_coord.cpp
visual_shader_node_varying.cpp
visual_shader_node_varying_getter.cpp
visual_shader_node_varying_setter.cpp
visual_shader_node_vec2_constant.cpp
visual_shader_node_vec3_constant.cpp
visual_shader_node_vec2_parameter.cpp
visual_shader_node_vec3_parameter.cpp
visual_shader_node_vec4_constant.cpp
visual_shader_node_vec4_parameter.cpp
visual_shader_node_vector_compose.cpp
visual_shader_node_vector_base.cpp
visual_shader_node_vector_distance.cpp
visual_shader_node_vector_decompose.cpp
visual_shader_node_vector_func.cpp
visual_shader_node_vector_len.cpp
visual_shader_node_vector_op.cpp
visual_shader_node_vector_refract.cpp
visual_shader_node_world_position_from_depth.cpp
weak_ref.cpp
web_rtc_data_channel.cpp
voxel_gi.cpp
voxel_gi_data.cpp
web_rtc_data_channel_extension.cpp
web_rtc_multiplayer_peer.cpp
web_rtc_peer_connection.cpp
web_rtc_peer_connection_extension.cpp
web_socket_multiplayer_peer.cpp
web_socket_peer.cpp
web_xr_interface.cpp
window.cpp
world2d.cpp
worker_thread_pool.cpp
world3d.cpp
world_boundary_shape2d.cpp
world_boundary_shape3d.cpp
x509_certificate.cpp
world_environment.cpp
xml_parser.cpp
xr_anchor3d.cpp
xr_body_modifier3d.cpp
xr_camera3d.cpp
xr_body_tracker.cpp
xr_controller3d.cpp
xr_controller_tracker.cpp
xr_face_modifier3d.cpp
xr_face_tracker.cpp
xr_hand_modifier3d.cpp
xr_hand_tracker.cpp
xr_interface.cpp
xr_interface_extension.cpp
xr_node3d.cpp
xr_origin3d.cpp
xr_pose.cpp
xr_positional_tracker.cpp
xr_tracker.cpp
xrvrs.cpp
zip_packer.cpp
xr_server.cpp
utility_functions.cpp
zip_reader.cpp
my_node.cpp
my_singleton.cpp
register_types.cpp
ww_bank.cpp
ww_environment.cpp
ww_event2d.cpp
ww_event.cpp
ww_listener.cpp
ww_state.cpp
cpp
ww_switch.cpp
   Bibliothek "project\addons\example\bin\libexample.windows.debug.x86_64.lib" und Objekt "project\addons\example\bin\libexample.windows.debug.x86_64.exp" werden erstellt.
waapi_picker.cpp
register_types.cpp
ww_bank.cpp
ww_event.cpp
ww_environment.cpp
ww_listener.cpp
ww_event2d.cpp
waapi_picker.cpp
register_types.cpp
ww_bank.cpp
ww_environment.cpp
ww_listener2d.cpp
ww_listener.cpp
ww_event2d.cpp
ww_event.cpp
ww_switch.cpp
ww_state.cpp
waapi_picker.cpp
register_types.cpp
ww_bank.cpp
ww_event.cpp
ww_event2d.cpp
ww_environment.cpp
waapi_picker.cpp
register_types.cpp
ww_switch.cpp
ww_listener.cpp
ww_state.cpp
ww_listener2d.cpp
ww_bank.cpp
ww_event.cpp
waapi_picker.cpp
register_types.cpp
ww_listener.cpp
ww_state.cpp
ww_listener2d.cpp
ww_switch.cpp
ww_bank.cpp
waapi_picker.cpp
register_types.cpp
ww_listener2d.cpp
ww_listener.cpp
ww_bank.cpp
ww_state.cpp

waapi_picker.cpp
ww_listener.cpp
register_types.cpp
ww_bank.cpp
ww_listener2d.cpp
ww_listener2d.cpp
ww_listener.cpp
ww_bank.cpp
ww_listener2d.cpp
ww_listener.cpp
   Bibliothek "project\addons\example\bin\libexample.windows.debug.x86_64.lib" und Objekt "project\addons\example\bin\libexample.windows.debug.x86_64.exp" werden erstellt.
   Bibliothek "project\addons\wwiseintegration\bin\libwwiseintegration.windows.debug.x86_64.lib" und Objekt "project\addons\wwiseintegration\bin\libwwiseintegration.windows.debug.x86_64.exp" werden erstellt.
   Bibliothek "project\addons\wwiseintegration\bin\libwwiseintegration.windows.debug.x86_64.lib" und Objekt "project\addons\wwiseintegration\bin\libwwiseintegration.windows.debug.x86_64.exp" werden erstellt.
   Bibliothek "project\addons\wwiseintegration\bin\libwwiseintegration.windows.debug.x86_64.lib" und Objekt "project\addons\wwiseintegration\bin\libwwiseintegration.windows.debug.x86_64.exp" werden erstellt.
   Bibliothek "project\addons\wwiseintegration\bin\libwwiseintegration.windows.debug.x86_64.lib" und Objekt "project\addons\wwiseintegration\bin\libwwiseintegration.windows.debug.x86_64.exp" werden erstellt.
